<?xml version="1.0" encoding="UTF-8"?>
<!-- Generated by org.testng.reporters.JUnitReportReporter -->
<testsuite hostname="Idris" name="com.actitime.module2.At_DeleteCreatedCustomer" tests="1" failures="0" timestamp="24 Nov 2013 09:52:50 GMT" time="25.158" errors="0">
  <testcase name="testAt_DeleteCreatedCustomer" time="25.158" classname="com.actitime.module2.At_DeleteCreatedCustomer"/>
</testsuite> <!-- com.actitime.module2.At_DeleteCreatedCustomer -->
