<?xml version="1.0" encoding="UTF-8"?>
<!-- Generated by org.testng.reporters.JUnitReportReporter -->
<testsuite hostname="Idris" name="com.actitime.module1.At_LoginInvalid" tests="1" failures="0" timestamp="24 Nov 2013 09:52:50 GMT" time="9.842" errors="0">
  <testcase name="testAt_LoginInvalid" time="9.842" classname="com.actitime.module1.At_LoginInvalid"/>
</testsuite> <!-- com.actitime.module1.At_LoginInvalid -->
