<?xml version="1.0" encoding="UTF-8"?>
<!-- Generated by org.testng.reporters.JUnitReportReporter -->
<testsuite hostname="Idris" name="com.demo.NewTest" tests="1" failures="0" timestamp="14 Nov 2013 12:48:02 GMT" time="14.666" errors="0">
  <testcase name="testTest1" time="14.666" classname="com.demo.NewTest"/>
</testsuite> <!-- com.demo.NewTest -->
